<?xml version="1.0" encoding="UTF-8"?>
<testsuite name="ru.netology.MainTest" tests="3" skipped="0" failures="0" errors="0" timestamp="2020-12-23T19:40:14" hostname="HOME" time="0.102">
  <properties/>
  <testcase name="parseXMLTest()" classname="ru.netology.MainTest" time="0.06"/>
  <testcase name="listToJsonTest()" classname="ru.netology.MainTest" time="0.036"/>
  <testcase name="parseXML_NO_NULL()" classname="ru.netology.MainTest" time="0.004"/>
  <system-out><![CDATA[]]></system-out>
  <system-err><![CDATA[]]></system-err>
</testsuite>
